System.Reflection.TargetInvocationException: Exception has been thrown by the target of an invocation.
 ---> System.InvalidOperationException: Expected control 'BdConfirmUninstall' to be 'Avalonia.Controls.Border but it was 'Avalonia.Controls.Grid'.
   at Avalonia.Controls.NameScopeExtensions.Find[T](INameScope nameScope, String name)
   at Avalonia.Controls.ControlExtensions.FindControl[T](Control control, String name)
   at OptiscalerClient.Views.ManageGameWindow.BtnUninstall_Click(Object sender, RoutedEventArgs e)
   at InvokeStub_EventHandler`1.Invoke(Object, Span`1)
   at System.Reflection.MethodBaseInvoker.InvokeWithFewArgs(Object obj, BindingFlags invokeAttr, Binder binder, Object[] parameters, CultureInfo culture)
   --- End of inner exception stack trace ---
   at System.Reflection.MethodBaseInvoker.InvokeWithFewArgs(Object obj, BindingFlags invokeAttr, Binder binder, Object[] parameters, CultureInfo culture)
   at System.Reflection.RuntimeMethodInfo.Invoke(Object obj, BindingFlags invokeAttr, Binder binder, Object[] parameters, CultureInfo culture)
   at System.Delegate.DynamicInvokeImpl(Object[] args)
   at Avalonia.Interactivity.EventRoute.RaiseEventImpl(RoutedEventArgs e)
   at Avalonia.Interactivity.EventRoute.RaiseEvent(Interactive source, RoutedEventArgs e)
   at Avalonia.Interactivity.Interactive.RaiseEvent(RoutedEventArgs e)
   at Avalonia.Controls.Button.OnClick()
   at Avalonia.Controls.Button.OnPointerReleased(PointerReleasedEventArgs e)
   at Avalonia.Input.InputElement.<>c.<.cctor>b__33_9(InputElement x, PointerReleasedEventArgs e)
   at Avalonia.Reactive.LightweightObservableBase`1.PublishNext(T value)
   at Avalonia.Interactivity.EventRoute.RaiseEventImpl(RoutedEventArgs e)
   at Avalonia.Interactivity.EventRoute.RaiseEvent(Interactive source, RoutedEventArgs e)
   at Avalonia.Interactivity.Interactive.RaiseEvent(RoutedEventArgs e)
   at Avalonia.Input.MouseDevice.MouseUp(IMouseDevice device, UInt64 timestamp, IInputRoot root, Point p, PointerPointProperties props, KeyModifiers inputModifiers, IInputElement hitTest)
   at Avalonia.Input.MouseDevice.ProcessRawEvent(RawPointerEventArgs e)
   at Avalonia.Controls.TopLevel.<>c.<HandleInput>b__150_0(Object state)
   at Avalonia.Threading.Dispatcher.Send(SendOrPostCallback action, Object arg, Nullable`1 priority)
   at Avalonia.Controls.TopLevel.HandleInput(RawInputEventArgs e)
   at Avalonia.Win32.WindowImpl.AppWndProc(IntPtr hWnd, UInt32 msg, IntPtr wParam, IntPtr lParam)
   at Avalonia.Win32.WindowImpl.WndProcMessageHandler(IntPtr hWnd, UInt32 msg, IntPtr wParam, IntPtr lParam)
   at Avalonia.Win32.Interop.UnmanagedMethods.DispatchMessage(MSG& lpmsg)
   at Avalonia.Win32.Win32DispatcherImpl.RunLoop(CancellationToken cancellationToken)
   at Avalonia.Threading.DispatcherFrame.Run(IControlledDispatcherImpl impl)
   at Avalonia.Threading.Dispatcher.PushFrame(DispatcherFrame frame)
   at Avalonia.Threading.Dispatcher.MainLoop(CancellationToken cancellationToken)
   at Avalonia.Controls.ApplicationLifetimes.ClassicDesktopStyleApplicationLifetime.StartCore(String[] args)
   at Avalonia.Controls.ApplicationLifetimes.ClassicDesktopStyleApplicationLifetime.Start(String[] args)
   at Avalonia.ClassicDesktopStyleApplicationLifetimeExtensions.StartWithClassicDesktopLifetime(AppBuilder builder, String[] args, Action`1 lifetimeBuilder)
   at OptiscalerClient.Program.Main(String[] args)